<?xml version="1.0" encoding="UTF-8"?>
<!-- Generated by org.testng.reporters.JUnitXMLReporter -->
<testsuite ignored="0" hostname="LIN51011959" failures="0" tests="5" name="Default test" time="3.005" errors="0" timestamp="2022-05-22T12:56:41 IST">
  <testcase classname="com.airline.testCases.PUT_Update_Passenger_Record" name="verifyContentType" time="0.013"/>
  <testcase classname="com.airline.testCases.PUT_Update_Passenger_Record" name="verifyResposeBody" time="0.063"/>
  <testcase classname="com.airline.testCases.PUT_Update_Passenger_Record" name="verifyStatusCode" time="0.007"/>
  <testcase classname="com.airline.testCases.PUT_Update_Passenger_Record" name="verifyserverType" time="0.005"/>
  <testcase classname="com.airline.testCases.PUT_Update_Passenger_Record" name="verifystatusLine" time="0.006"/>
</testsuite> <!-- Default test -->
