<?xml version="1.0" encoding="UTF-8"?>
<testsuite name="TestSuite" time="4.093" tests="33" errors="0" skipped="0" failures="1">
  <properties>
[...]
</properties>
  <testcase name="verifyContentLenght" classname="com.airline.testCases.GET_All_Airlines" time="0.141"/>
  <testcase name="verifyContentType" classname="com.airline.testCases.GET_All_Airlines" time="0"/>
  <testcase name="verifyResponseBody" classname="com.airline.testCases.GET_All_Airlines" time="3.064"/>
  <testcase name="verifyResponseTime" classname="com.airline.testCases.GET_All_Airlines" time="0.034">
    <failure message="expected [true] but found [false]" type="java.lang.AssertionError">java.lang.AssertionError: expected [true] but found [false]
	at org.testng.Assert.fail(Assert.java:110)
	at org.testng.Assert.failNotEquals(Assert.java:1413)
	at org.testng.Assert.assertTrue(Assert.java:56)
	at org.testng.Assert.assertTrue(Assert.java:66)
	at com.airline.testCases.GET_All_Airlines.verifyResponseTime(GET_All_Airlines.java:82)
</failure>
    <system-out><![CDATA[ INFO [main] (GET_All_Airlines.java:72)- <------------ Verifying Response Time ----------->
 INFO [main] (GET_All_Airlines.java:75)- Response Time: 33741
 WARN [main] (GET_All_Airlines.java:79)- Response time is greater than 6000
]]></system-out>
  </testcase>
  <testcase name="verifyServerType" classname="com.airline.testCases.GET_All_Airlines" time="0.001"/>
  <testcase name="verifyStatusCode" classname="com.airline.testCases.GET_All_Airlines" time="0.001"/>
  <testcase name="verifyStatusLine" classname="com.airline.testCases.GET_All_Airlines" time="0.004"/>
  <testcase name="verifyInvalidAIDContentType" classname="com.airline.testCases.POST_Passenger_Record" time="0.002"/>
  <testcase name="verifyInvalidAIDResposeBody" classname="com.airline.testCases.POST_Passenger_Record" time="0.002"/>
  <testcase name="verifyInvalidAIDStatusCode" classname="com.airline.testCases.POST_Passenger_Record" time="0.002"/>
  <testcase name="verifyInvalidAIDserverType" classname="com.airline.testCases.POST_Passenger_Record" time="0.001"/>
  <testcase name="verifyInvalidAIDstatusLine" classname="com.airline.testCases.POST_Passenger_Record" time="0.001"/>
  <testcase name="verifyValidAIDContentType" classname="com.airline.testCases.POST_Passenger_Record" time="0.002"/>
  <testcase name="verifyValidAIDResposeBody" classname="com.airline.testCases.POST_Passenger_Record" time="0"/>
  <testcase name="verifyValidAIDStatusCode" classname="com.airline.testCases.POST_Passenger_Record" time="0.001"/>
  <testcase name="verifyValidAIDZGetPassengerID" classname="com.airline.testCases.POST_Passenger_Record" time="0.81"/>
  <testcase name="verifyValidAIDserverType" classname="com.airline.testCases.POST_Passenger_Record" time="0.001"/>
  <testcase name="verifyValidAIDstatusLine" classname="com.airline.testCases.POST_Passenger_Record" time="0.001"/>
  <testcase name="verifyContentType" classname="com.airline.testCases.PUT_Update_Passenger_Record" time="0.002"/>
  <testcase name="verifyResposeBody" classname="com.airline.testCases.PUT_Update_Passenger_Record" time="0.002"/>
  <testcase name="verifyStatusCode" classname="com.airline.testCases.PUT_Update_Passenger_Record" time="0.001"/>
  <testcase name="verifyserverType" classname="com.airline.testCases.PUT_Update_Passenger_Record" time="0.001"/>
  <testcase name="verifystatusLine" classname="com.airline.testCases.PUT_Update_Passenger_Record" time="0.001"/>
  <testcase name="verifyContentType" classname="com.airline.testCases.PATCH_Modify_Passenger_Record" time="0.003"/>
  <testcase name="verifyResposeBody" classname="com.airline.testCases.PATCH_Modify_Passenger_Record" time="0.002"/>
  <testcase name="verifyStatusCode" classname="com.airline.testCases.PATCH_Modify_Passenger_Record" time="0.001"/>
  <testcase name="verifyserverType" classname="com.airline.testCases.PATCH_Modify_Passenger_Record" time="0.001"/>
  <testcase name="verifystatusLine" classname="com.airline.testCases.PATCH_Modify_Passenger_Record" time="0.002"/>
  <testcase name="verifyContentType" classname="com.airline.testCases.DELETE_Passenger_Record" time="0.001"/>
  <testcase name="verifyResposeBody" classname="com.airline.testCases.DELETE_Passenger_Record" time="0.003"/>
  <testcase name="verifyStatusCode" classname="com.airline.testCases.DELETE_Passenger_Record" time="0.002"/>
  <testcase name="verifyserverType" classname="com.airline.testCases.DELETE_Passenger_Record" time="0.001"/>
  <testcase name="verifystatusLine" classname="com.airline.testCases.DELETE_Passenger_Record" time="0.002"/>
</testsuite>