<?xml version="1.0" encoding="UTF-8"?>
<!-- Generated by org.testng.reporters.JUnitXMLReporter -->
<testsuite hostname="LAPTOP-6TA1GC3K" ignored="0" name="RestAssuredFframework_Airline_API&#039;s" tests="33" failures="1" timestamp="2022-05-22T16:32:48 IST" time="88.994" errors="0">
  <testcase name="verifyContentLenght" time="0.026" classname="com.airline.testCases.GET_All_Airlines"/>
  <testcase name="verifyContentType" time="0.004" classname="com.airline.testCases.GET_All_Airlines"/>
  <testcase name="verifyResponseBody" time="24.755" classname="com.airline.testCases.GET_All_Airlines"/>
  <testcase name="verifyResponseTime" time="0.005" classname="com.airline.testCases.GET_All_Airlines">
    <failure type="java.lang.AssertionError" message="expected [true] but found [false]">
      <![CDATA[java.lang.AssertionError: expected [true] but found [false]
at com.airline.testCases.GET_All_Airlines.verifyResponseTime(GET_All_Airlines.java:82)
at java.util.ArrayList.forEach(ArrayList.java:1259)
... Removed 31 stack frames]]>
    </failure>
  </testcase> <!-- verifyResponseTime -->
  <testcase name="verifyServerType" time="0.002" classname="com.airline.testCases.GET_All_Airlines"/>
  <testcase name="verifyStatusCode" time="0.002" classname="com.airline.testCases.GET_All_Airlines"/>
  <testcase name="verifyStatusLine" time="0.003" classname="com.airline.testCases.GET_All_Airlines"/>
  <testcase name="verifyInvalidAIDContentType" time="0.002" classname="com.airline.testCases.POST_Passenger_Record"/>
  <testcase name="verifyInvalidAIDResposeBody" time="0.003" classname="com.airline.testCases.POST_Passenger_Record"/>
  <testcase name="verifyInvalidAIDStatusCode" time="0.003" classname="com.airline.testCases.POST_Passenger_Record"/>
  <testcase name="verifyInvalidAIDserverType" time="0.003" classname="com.airline.testCases.POST_Passenger_Record"/>
  <testcase name="verifyInvalidAIDstatusLine" time="0.002" classname="com.airline.testCases.POST_Passenger_Record"/>
  <testcase name="verifyValidAIDContentType" time="0.001" classname="com.airline.testCases.POST_Passenger_Record"/>
  <testcase name="verifyValidAIDResposeBody" time="0.001" classname="com.airline.testCases.POST_Passenger_Record"/>
  <testcase name="verifyValidAIDStatusCode" time="0.001" classname="com.airline.testCases.POST_Passenger_Record"/>
  <testcase name="verifyValidAIDZGetPassengerID" time="1.493" classname="com.airline.testCases.POST_Passenger_Record"/>
  <testcase name="verifyValidAIDserverType" time="0.001" classname="com.airline.testCases.POST_Passenger_Record"/>
  <testcase name="verifyValidAIDstatusLine" time="0.001" classname="com.airline.testCases.POST_Passenger_Record"/>
  <testcase name="verifyContentType" time="0.002" classname="com.airline.testCases.PUT_Update_Passenger_Record"/>
  <testcase name="verifyResposeBody" time="0.001" classname="com.airline.testCases.PUT_Update_Passenger_Record"/>
  <testcase name="verifyStatusCode" time="0.002" classname="com.airline.testCases.PUT_Update_Passenger_Record"/>
  <testcase name="verifyserverType" time="0.002" classname="com.airline.testCases.PUT_Update_Passenger_Record"/>
  <testcase name="verifystatusLine" time="0.001" classname="com.airline.testCases.PUT_Update_Passenger_Record"/>
  <testcase name="verifyContentType" time="0.003" classname="com.airline.testCases.PATCH_Modify_Passenger_Record"/>
  <testcase name="verifyResposeBody" time="0.003" classname="com.airline.testCases.PATCH_Modify_Passenger_Record"/>
  <testcase name="verifyStatusCode" time="0.002" classname="com.airline.testCases.PATCH_Modify_Passenger_Record"/>
  <testcase name="verifyserverType" time="0.002" classname="com.airline.testCases.PATCH_Modify_Passenger_Record"/>
  <testcase name="verifystatusLine" time="0.003" classname="com.airline.testCases.PATCH_Modify_Passenger_Record"/>
  <testcase name="verifyContentType" time="0.001" classname="com.airline.testCases.DELETE_Passenger_Record"/>
  <testcase name="verifyResposeBody" time="0.001" classname="com.airline.testCases.DELETE_Passenger_Record"/>
  <testcase name="verifyStatusCode" time="0.001" classname="com.airline.testCases.DELETE_Passenger_Record"/>
  <testcase name="verifyserverType" time="0.001" classname="com.airline.testCases.DELETE_Passenger_Record"/>
  <testcase name="verifystatusLine" time="0.001" classname="com.airline.testCases.DELETE_Passenger_Record"/>
</testsuite> <!-- RestAssuredFframework_Airline_API's -->
