<?xml version="1.0" encoding="UTF-8"?>
<testng-results skipped="0" failed="1" ignored="0" total="33" passed="32">
  <reporter-output>
  </reporter-output>
  <suite name="RestAssuredFframework_Airline_API&#039;s Test Suite" duration-ms="88994" started-at="2022-05-22T16:31:19 IST" finished-at="2022-05-22T16:32:48 IST">
    <groups>
      <group name="Invalid Airline ID">
        <method signature="POST_Passenger_Record.verifyInvalidAIDContentType()[pri:0, instance:com.airline.testCases.POST_Passenger_Record@2f490758]" name="verifyInvalidAIDContentType" class="com.airline.testCases.POST_Passenger_Record"/>
        <method signature="POST_Passenger_Record.verifyInvalidAIDResposeBody()[pri:0, instance:com.airline.testCases.POST_Passenger_Record@2f490758]" name="verifyInvalidAIDResposeBody" class="com.airline.testCases.POST_Passenger_Record"/>
        <method signature="POST_Passenger_Record.verifyInvalidAIDStatusCode()[pri:0, instance:com.airline.testCases.POST_Passenger_Record@2f490758]" name="verifyInvalidAIDStatusCode" class="com.airline.testCases.POST_Passenger_Record"/>
        <method signature="POST_Passenger_Record.verifyInvalidAIDserverType()[pri:0, instance:com.airline.testCases.POST_Passenger_Record@2f490758]" name="verifyInvalidAIDserverType" class="com.airline.testCases.POST_Passenger_Record"/>
        <method signature="POST_Passenger_Record.verifyInvalidAIDstatusLine()[pri:0, instance:com.airline.testCases.POST_Passenger_Record@2f490758]" name="verifyInvalidAIDstatusLine" class="com.airline.testCases.POST_Passenger_Record"/>
      </group> <!-- Invalid Airline ID -->
      <group name="Valid Airline ID">
        <method signature="POST_Passenger_Record.verifyValidAIDContentType()[pri:0, instance:com.airline.testCases.POST_Passenger_Record@2f490758]" name="verifyValidAIDContentType" class="com.airline.testCases.POST_Passenger_Record"/>
        <method signature="POST_Passenger_Record.verifyValidAIDResposeBody()[pri:0, instance:com.airline.testCases.POST_Passenger_Record@2f490758]" name="verifyValidAIDResposeBody" class="com.airline.testCases.POST_Passenger_Record"/>
        <method signature="POST_Passenger_Record.verifyValidAIDStatusCode()[pri:0, instance:com.airline.testCases.POST_Passenger_Record@2f490758]" name="verifyValidAIDStatusCode" class="com.airline.testCases.POST_Passenger_Record"/>
        <method signature="POST_Passenger_Record.verifyValidAIDZGetPassengerID()[pri:0, instance:com.airline.testCases.POST_Passenger_Record@2f490758]" name="verifyValidAIDZGetPassengerID" class="com.airline.testCases.POST_Passenger_Record"/>
        <method signature="POST_Passenger_Record.verifyValidAIDserverType()[pri:0, instance:com.airline.testCases.POST_Passenger_Record@2f490758]" name="verifyValidAIDserverType" class="com.airline.testCases.POST_Passenger_Record"/>
        <method signature="POST_Passenger_Record.verifyValidAIDstatusLine()[pri:0, instance:com.airline.testCases.POST_Passenger_Record@2f490758]" name="verifyValidAIDstatusLine" class="com.airline.testCases.POST_Passenger_Record"/>
      </group> <!-- Valid Airline ID -->
    </groups>
    <test name="RestAssuredFframework_Airline_API&#039;s" duration-ms="88994" started-at="2022-05-22T16:31:19 IST" finished-at="2022-05-22T16:32:48 IST">
      <class name="com.airline.testCases.PATCH_Modify_Passenger_Record">
        <test-method status="PASS" signature="setUp()[pri:0, instance:com.airline.testCases.PATCH_Modify_Passenger_Record@166fa74d]" name="setUp" is-config="true" duration-ms="5" started-at="2022-05-22T16:32:45 IST" finished-at="2022-05-22T16:32:45 IST">
          <reporter-output>
          </reporter-output>
        </test-method> <!-- setUp -->
        <test-method status="PASS" signature="updatePassengerRecord()[pri:0, instance:com.airline.testCases.PATCH_Modify_Passenger_Record@166fa74d]" name="updatePassengerRecord" is-config="true" duration-ms="1561" started-at="2022-05-22T16:32:45 IST" finished-at="2022-05-22T16:32:46 IST">
          <reporter-output>
          </reporter-output>
        </test-method> <!-- updatePassengerRecord -->
        <test-method status="PASS" signature="verifyContentType()[pri:0, instance:com.airline.testCases.PATCH_Modify_Passenger_Record@166fa74d]" name="verifyContentType" duration-ms="3" started-at="2022-05-22T16:32:46 IST" finished-at="2022-05-22T16:32:46 IST">
          <reporter-output>
          </reporter-output>
        </test-method> <!-- verifyContentType -->
        <test-method status="PASS" signature="verifyResposeBody()[pri:0, instance:com.airline.testCases.PATCH_Modify_Passenger_Record@166fa74d]" name="verifyResposeBody" duration-ms="3" started-at="2022-05-22T16:32:46 IST" finished-at="2022-05-22T16:32:46 IST">
          <reporter-output>
          </reporter-output>
        </test-method> <!-- verifyResposeBody -->
        <test-method status="PASS" signature="verifyStatusCode()[pri:0, instance:com.airline.testCases.PATCH_Modify_Passenger_Record@166fa74d]" name="verifyStatusCode" duration-ms="2" started-at="2022-05-22T16:32:46 IST" finished-at="2022-05-22T16:32:46 IST">
          <reporter-output>
          </reporter-output>
        </test-method> <!-- verifyStatusCode -->
        <test-method status="PASS" signature="verifyserverType()[pri:0, instance:com.airline.testCases.PATCH_Modify_Passenger_Record@166fa74d]" name="verifyserverType" duration-ms="2" started-at="2022-05-22T16:32:46 IST" finished-at="2022-05-22T16:32:46 IST">
          <reporter-output>
          </reporter-output>
        </test-method> <!-- verifyserverType -->
        <test-method status="PASS" signature="verifystatusLine()[pri:0, instance:com.airline.testCases.PATCH_Modify_Passenger_Record@166fa74d]" name="verifystatusLine" duration-ms="3" started-at="2022-05-22T16:32:46 IST" finished-at="2022-05-22T16:32:46 IST">
          <reporter-output>
          </reporter-output>
        </test-method> <!-- verifystatusLine -->
        <test-method status="PASS" signature="verifyDtearDown()[pri:0, instance:com.airline.testCases.PATCH_Modify_Passenger_Record@166fa74d]" name="verifyDtearDown" is-config="true" duration-ms="1" started-at="2022-05-22T16:32:46 IST" finished-at="2022-05-22T16:32:46 IST">
          <reporter-output>
          </reporter-output>
        </test-method> <!-- verifyDtearDown -->
      </class> <!-- com.airline.testCases.PATCH_Modify_Passenger_Record -->
      <class name="com.airline.testCases.PUT_Update_Passenger_Record">
        <test-method status="PASS" signature="setUp()[pri:0, instance:com.airline.testCases.PUT_Update_Passenger_Record@101df177]" name="setUp" is-config="true" duration-ms="2" started-at="2022-05-22T16:32:43 IST" finished-at="2022-05-22T16:32:43 IST">
          <reporter-output>
          </reporter-output>
        </test-method> <!-- setUp -->
        <test-method status="PASS" signature="updatePassengerRecord()[pri:0, instance:com.airline.testCases.PUT_Update_Passenger_Record@101df177]" name="updatePassengerRecord" is-config="true" duration-ms="1663" started-at="2022-05-22T16:32:43 IST" finished-at="2022-05-22T16:32:45 IST">
          <reporter-output>
          </reporter-output>
        </test-method> <!-- updatePassengerRecord -->
        <test-method status="PASS" signature="verifyContentType()[pri:0, instance:com.airline.testCases.PUT_Update_Passenger_Record@101df177]" name="verifyContentType" duration-ms="2" started-at="2022-05-22T16:32:45 IST" finished-at="2022-05-22T16:32:45 IST">
          <reporter-output>
          </reporter-output>
        </test-method> <!-- verifyContentType -->
        <test-method status="PASS" signature="verifyResposeBody()[pri:0, instance:com.airline.testCases.PUT_Update_Passenger_Record@101df177]" name="verifyResposeBody" duration-ms="1" started-at="2022-05-22T16:32:45 IST" finished-at="2022-05-22T16:32:45 IST">
          <reporter-output>
          </reporter-output>
        </test-method> <!-- verifyResposeBody -->
        <test-method status="PASS" signature="verifyStatusCode()[pri:0, instance:com.airline.testCases.PUT_Update_Passenger_Record@101df177]" name="verifyStatusCode" duration-ms="2" started-at="2022-05-22T16:32:45 IST" finished-at="2022-05-22T16:32:45 IST">
          <reporter-output>
          </reporter-output>
        </test-method> <!-- verifyStatusCode -->
        <test-method status="PASS" signature="verifyserverType()[pri:0, instance:com.airline.testCases.PUT_Update_Passenger_Record@101df177]" name="verifyserverType" duration-ms="2" started-at="2022-05-22T16:32:45 IST" finished-at="2022-05-22T16:32:45 IST">
          <reporter-output>
          </reporter-output>
        </test-method> <!-- verifyserverType -->
        <test-method status="PASS" signature="verifystatusLine()[pri:0, instance:com.airline.testCases.PUT_Update_Passenger_Record@101df177]" name="verifystatusLine" duration-ms="1" started-at="2022-05-22T16:32:45 IST" finished-at="2022-05-22T16:32:45 IST">
          <reporter-output>
          </reporter-output>
        </test-method> <!-- verifystatusLine -->
        <test-method status="PASS" signature="verifyDtearDown()[pri:0, instance:com.airline.testCases.PUT_Update_Passenger_Record@101df177]" name="verifyDtearDown" is-config="true" duration-ms="1" started-at="2022-05-22T16:32:45 IST" finished-at="2022-05-22T16:32:45 IST">
          <reporter-output>
          </reporter-output>
        </test-method> <!-- verifyDtearDown -->
      </class> <!-- com.airline.testCases.PUT_Update_Passenger_Record -->
      <class name="com.airline.testCases.DELETE_Passenger_Record">
        <test-method status="PASS" signature="setUp()[pri:0, instance:com.airline.testCases.DELETE_Passenger_Record@40f08448]" name="setUp" is-config="true" duration-ms="6" started-at="2022-05-22T16:32:46 IST" finished-at="2022-05-22T16:32:46 IST">
          <reporter-output>
          </reporter-output>
        </test-method> <!-- setUp -->
        <test-method status="PASS" signature="updatePassengerRecord()[pri:0, instance:com.airline.testCases.DELETE_Passenger_Record@40f08448]" name="updatePassengerRecord" is-config="true" duration-ms="1202" started-at="2022-05-22T16:32:46 IST" finished-at="2022-05-22T16:32:48 IST">
          <reporter-output>
          </reporter-output>
        </test-method> <!-- updatePassengerRecord -->
        <test-method status="PASS" signature="verifyContentType()[pri:0, instance:com.airline.testCases.DELETE_Passenger_Record@40f08448]" name="verifyContentType" duration-ms="1" started-at="2022-05-22T16:32:48 IST" finished-at="2022-05-22T16:32:48 IST">
          <reporter-output>
          </reporter-output>
        </test-method> <!-- verifyContentType -->
        <test-method status="PASS" signature="verifyResposeBody()[pri:0, instance:com.airline.testCases.DELETE_Passenger_Record@40f08448]" name="verifyResposeBody" duration-ms="1" started-at="2022-05-22T16:32:48 IST" finished-at="2022-05-22T16:32:48 IST">
          <reporter-output>
          </reporter-output>
        </test-method> <!-- verifyResposeBody -->
        <test-method status="PASS" signature="verifyStatusCode()[pri:0, instance:com.airline.testCases.DELETE_Passenger_Record@40f08448]" name="verifyStatusCode" duration-ms="1" started-at="2022-05-22T16:32:48 IST" finished-at="2022-05-22T16:32:48 IST">
          <reporter-output>
          </reporter-output>
        </test-method> <!-- verifyStatusCode -->
        <test-method status="PASS" signature="verifyserverType()[pri:0, instance:com.airline.testCases.DELETE_Passenger_Record@40f08448]" name="verifyserverType" duration-ms="1" started-at="2022-05-22T16:32:48 IST" finished-at="2022-05-22T16:32:48 IST">
          <reporter-output>
          </reporter-output>
        </test-method> <!-- verifyserverType -->
        <test-method status="PASS" signature="verifystatusLine()[pri:0, instance:com.airline.testCases.DELETE_Passenger_Record@40f08448]" name="verifystatusLine" duration-ms="1" started-at="2022-05-22T16:32:48 IST" finished-at="2022-05-22T16:32:48 IST">
          <reporter-output>
          </reporter-output>
        </test-method> <!-- verifystatusLine -->
        <test-method status="PASS" signature="verifyDtearDown()[pri:0, instance:com.airline.testCases.DELETE_Passenger_Record@40f08448]" name="verifyDtearDown" is-config="true" duration-ms="1" started-at="2022-05-22T16:32:48 IST" finished-at="2022-05-22T16:32:48 IST">
          <reporter-output>
          </reporter-output>
        </test-method> <!-- verifyDtearDown -->
      </class> <!-- com.airline.testCases.DELETE_Passenger_Record -->
      <class name="com.airline.testCases.POST_Passenger_Record">
        <test-method status="PASS" signature="setUp()[pri:0, instance:com.airline.testCases.POST_Passenger_Record@2f490758]" name="setUp" is-config="true" duration-ms="3" started-at="2022-05-22T16:32:39 IST" finished-at="2022-05-22T16:32:39 IST">
          <reporter-output>
          </reporter-output>
        </test-method> <!-- setUp -->
        <test-method status="PASS" signature="createInvalidPassengerRecord()[pri:0, instance:com.airline.testCases.POST_Passenger_Record@2f490758]" name="createInvalidPassengerRecord" is-config="true" duration-ms="1408" started-at="2022-05-22T16:32:39 IST" finished-at="2022-05-22T16:32:40 IST">
          <reporter-output>
          </reporter-output>
        </test-method> <!-- createInvalidPassengerRecord -->
        <test-method status="PASS" signature="verifyInvalidAIDContentType()[pri:0, instance:com.airline.testCases.POST_Passenger_Record@2f490758]" name="verifyInvalidAIDContentType" duration-ms="2" started-at="2022-05-22T16:32:40 IST" finished-at="2022-05-22T16:32:40 IST">
          <reporter-output>
          </reporter-output>
        </test-method> <!-- verifyInvalidAIDContentType -->
        <test-method status="PASS" signature="verifyInvalidAIDResposeBody()[pri:0, instance:com.airline.testCases.POST_Passenger_Record@2f490758]" name="verifyInvalidAIDResposeBody" duration-ms="3" started-at="2022-05-22T16:32:40 IST" finished-at="2022-05-22T16:32:40 IST">
          <reporter-output>
          </reporter-output>
        </test-method> <!-- verifyInvalidAIDResposeBody -->
        <test-method status="PASS" signature="verifyInvalidAIDStatusCode()[pri:0, instance:com.airline.testCases.POST_Passenger_Record@2f490758]" name="verifyInvalidAIDStatusCode" duration-ms="3" started-at="2022-05-22T16:32:40 IST" finished-at="2022-05-22T16:32:40 IST">
          <reporter-output>
          </reporter-output>
        </test-method> <!-- verifyInvalidAIDStatusCode -->
        <test-method status="PASS" signature="verifyInvalidAIDserverType()[pri:0, instance:com.airline.testCases.POST_Passenger_Record@2f490758]" name="verifyInvalidAIDserverType" duration-ms="3" started-at="2022-05-22T16:32:40 IST" finished-at="2022-05-22T16:32:40 IST">
          <reporter-output>
          </reporter-output>
        </test-method> <!-- verifyInvalidAIDserverType -->
        <test-method status="PASS" signature="verifyInvalidAIDstatusLine()[pri:0, instance:com.airline.testCases.POST_Passenger_Record@2f490758]" name="verifyInvalidAIDstatusLine" duration-ms="2" started-at="2022-05-22T16:32:40 IST" finished-at="2022-05-22T16:32:40 IST">
          <reporter-output>
          </reporter-output>
        </test-method> <!-- verifyInvalidAIDstatusLine -->
        <test-method status="PASS" signature="verifyInvalidAIDtearDown()[pri:0, instance:com.airline.testCases.POST_Passenger_Record@2f490758]" name="verifyInvalidAIDtearDown" is-config="true" duration-ms="0" started-at="2022-05-22T16:32:40 IST" finished-at="2022-05-22T16:32:40 IST">
          <reporter-output>
          </reporter-output>
        </test-method> <!-- verifyInvalidAIDtearDown -->
        <test-method status="PASS" signature="createValidPassengerRecord()[pri:0, instance:com.airline.testCases.POST_Passenger_Record@2f490758]" name="createValidPassengerRecord" is-config="true" duration-ms="1476" started-at="2022-05-22T16:32:40 IST" finished-at="2022-05-22T16:32:42 IST">
          <reporter-output>
          </reporter-output>
        </test-method> <!-- createValidPassengerRecord -->
        <test-method status="PASS" signature="verifyValidAIDContentType()[pri:0, instance:com.airline.testCases.POST_Passenger_Record@2f490758]" name="verifyValidAIDContentType" duration-ms="1" started-at="2022-05-22T16:32:42 IST" finished-at="2022-05-22T16:32:42 IST">
          <reporter-output>
          </reporter-output>
        </test-method> <!-- verifyValidAIDContentType -->
        <test-method status="PASS" signature="verifyValidAIDResposeBody()[pri:0, instance:com.airline.testCases.POST_Passenger_Record@2f490758]" name="verifyValidAIDResposeBody" duration-ms="1" started-at="2022-05-22T16:32:42 IST" finished-at="2022-05-22T16:32:42 IST">
          <reporter-output>
          </reporter-output>
        </test-method> <!-- verifyValidAIDResposeBody -->
        <test-method status="PASS" signature="verifyValidAIDStatusCode()[pri:0, instance:com.airline.testCases.POST_Passenger_Record@2f490758]" name="verifyValidAIDStatusCode" duration-ms="1" started-at="2022-05-22T16:32:42 IST" finished-at="2022-05-22T16:32:42 IST">
          <reporter-output>
          </reporter-output>
        </test-method> <!-- verifyValidAIDStatusCode -->
        <test-method status="PASS" signature="verifyValidAIDZGetPassengerID()[pri:0, instance:com.airline.testCases.POST_Passenger_Record@2f490758]" name="verifyValidAIDZGetPassengerID" duration-ms="1493" started-at="2022-05-22T16:32:42 IST" finished-at="2022-05-22T16:32:43 IST">
          <reporter-output>
          </reporter-output>
        </test-method> <!-- verifyValidAIDZGetPassengerID -->
        <test-method status="PASS" signature="verifyValidAIDserverType()[pri:0, instance:com.airline.testCases.POST_Passenger_Record@2f490758]" name="verifyValidAIDserverType" duration-ms="1" started-at="2022-05-22T16:32:43 IST" finished-at="2022-05-22T16:32:43 IST">
          <reporter-output>
          </reporter-output>
        </test-method> <!-- verifyValidAIDserverType -->
        <test-method status="PASS" signature="verifyValidAIDstatusLine()[pri:0, instance:com.airline.testCases.POST_Passenger_Record@2f490758]" name="verifyValidAIDstatusLine" duration-ms="1" started-at="2022-05-22T16:32:43 IST" finished-at="2022-05-22T16:32:43 IST">
          <reporter-output>
          </reporter-output>
        </test-method> <!-- verifyValidAIDstatusLine -->
        <test-method status="PASS" signature="verifyValidAIDtearDown()[pri:0, instance:com.airline.testCases.POST_Passenger_Record@2f490758]" name="verifyValidAIDtearDown" is-config="true" duration-ms="0" started-at="2022-05-22T16:32:43 IST" finished-at="2022-05-22T16:32:43 IST">
          <reporter-output>
          </reporter-output>
        </test-method> <!-- verifyValidAIDtearDown -->
      </class> <!-- com.airline.testCases.POST_Passenger_Record -->
      <class name="com.airline.testCases.GET_All_Airlines">
        <test-method status="PASS" signature="setUp()[pri:0, instance:com.airline.testCases.GET_All_Airlines@71d15f18]" name="setUp" is-config="true" duration-ms="51" started-at="2022-05-22T16:31:19 IST" finished-at="2022-05-22T16:31:19 IST">
          <reporter-output>
          </reporter-output>
        </test-method> <!-- setUp -->
        <test-method status="PASS" signature="getAllAirlines()[pri:0, instance:com.airline.testCases.GET_All_Airlines@71d15f18]" name="getAllAirlines" is-config="true" duration-ms="54530" started-at="2022-05-22T16:31:19 IST" finished-at="2022-05-22T16:32:14 IST">
          <reporter-output>
          </reporter-output>
        </test-method> <!-- getAllAirlines -->
        <test-method status="PASS" signature="verifyContentLenght()[pri:0, instance:com.airline.testCases.GET_All_Airlines@71d15f18]" name="verifyContentLenght" duration-ms="26" started-at="2022-05-22T16:32:14 IST" finished-at="2022-05-22T16:32:14 IST">
          <reporter-output>
          </reporter-output>
        </test-method> <!-- verifyContentLenght -->
        <test-method status="PASS" signature="verifyContentType()[pri:0, instance:com.airline.testCases.GET_All_Airlines@71d15f18]" name="verifyContentType" duration-ms="4" started-at="2022-05-22T16:32:14 IST" finished-at="2022-05-22T16:32:14 IST">
          <reporter-output>
          </reporter-output>
        </test-method> <!-- verifyContentType -->
        <test-method status="PASS" signature="verifyResponseBody()[pri:0, instance:com.airline.testCases.GET_All_Airlines@71d15f18]" name="verifyResponseBody" duration-ms="24755" started-at="2022-05-22T16:32:14 IST" finished-at="2022-05-22T16:32:39 IST">
          <reporter-output>
          </reporter-output>
        </test-method> <!-- verifyResponseBody -->
        <test-method status="FAIL" signature="verifyResponseTime()[pri:0, instance:com.airline.testCases.GET_All_Airlines@71d15f18]" name="verifyResponseTime" duration-ms="5" started-at="2022-05-22T16:32:39 IST" finished-at="2022-05-22T16:32:39 IST">
          <exception class="java.lang.AssertionError">
            <message>
              <![CDATA[expected [true] but found [false]]]>
            </message>
            <full-stacktrace>
              <![CDATA[java.lang.AssertionError: expected [true] but found [false]
at org.testng.Assert.fail(Assert.java:110)
at org.testng.Assert.failNotEquals(Assert.java:1413)
at org.testng.Assert.assertTrue(Assert.java:56)
at org.testng.Assert.assertTrue(Assert.java:66)
at com.airline.testCases.GET_All_Airlines.verifyResponseTime(GET_All_Airlines.java:82)
at sun.reflect.NativeMethodAccessorImpl.invoke0(Native Method)
at sun.reflect.NativeMethodAccessorImpl.invoke(NativeMethodAccessorImpl.java:62)
at sun.reflect.DelegatingMethodAccessorImpl.invoke(DelegatingMethodAccessorImpl.java:43)
at java.lang.reflect.Method.invoke(Method.java:498)
at org.testng.internal.invokers.MethodInvocationHelper.invokeMethod(MethodInvocationHelper.java:135)
at org.testng.internal.invokers.TestInvoker.invokeMethod(TestInvoker.java:673)
at org.testng.internal.invokers.TestInvoker.invokeTestMethod(TestInvoker.java:220)
at org.testng.internal.invokers.MethodRunner.runInSequence(MethodRunner.java:50)
at org.testng.internal.invokers.TestInvoker$MethodInvocationAgent.invoke(TestInvoker.java:945)
at org.testng.internal.invokers.TestInvoker.invokeTestMethods(TestInvoker.java:193)
at org.testng.internal.invokers.TestMethodWorker.invokeTestMethods(TestMethodWorker.java:146)
at org.testng.internal.invokers.TestMethodWorker.run(TestMethodWorker.java:128)
at java.util.ArrayList.forEach(ArrayList.java:1259)
at org.testng.TestRunner.privateRun(TestRunner.java:808)
at org.testng.TestRunner.run(TestRunner.java:603)
at org.testng.SuiteRunner.runTest(SuiteRunner.java:429)
at org.testng.SuiteRunner.runSequentially(SuiteRunner.java:423)
at org.testng.SuiteRunner.privateRun(SuiteRunner.java:383)
at org.testng.SuiteRunner.run(SuiteRunner.java:326)
at org.testng.SuiteRunnerWorker.runSuite(SuiteRunnerWorker.java:52)
at org.testng.SuiteRunnerWorker.run(SuiteRunnerWorker.java:95)
at org.testng.TestNG.runSuitesSequentially(TestNG.java:1249)
at org.testng.TestNG.runSuitesLocally(TestNG.java:1169)
at org.testng.TestNG.runSuites(TestNG.java:1092)
at org.testng.TestNG.run(TestNG.java:1060)
at org.testng.remote.AbstractRemoteTestNG.run(AbstractRemoteTestNG.java:115)
at org.testng.remote.RemoteTestNG.initAndRun(RemoteTestNG.java:251)
at org.testng.remote.RemoteTestNG.main(RemoteTestNG.java:77)
]]>
            </full-stacktrace>
          </exception> <!-- java.lang.AssertionError -->
          <reporter-output>
          </reporter-output>
        </test-method> <!-- verifyResponseTime -->
        <test-method status="PASS" signature="verifyServerType()[pri:0, instance:com.airline.testCases.GET_All_Airlines@71d15f18]" name="verifyServerType" duration-ms="2" started-at="2022-05-22T16:32:39 IST" finished-at="2022-05-22T16:32:39 IST">
          <reporter-output>
          </reporter-output>
        </test-method> <!-- verifyServerType -->
        <test-method status="PASS" signature="verifyStatusCode()[pri:0, instance:com.airline.testCases.GET_All_Airlines@71d15f18]" name="verifyStatusCode" duration-ms="2" started-at="2022-05-22T16:32:39 IST" finished-at="2022-05-22T16:32:39 IST">
          <reporter-output>
          </reporter-output>
        </test-method> <!-- verifyStatusCode -->
        <test-method status="PASS" signature="verifyStatusLine()[pri:0, instance:com.airline.testCases.GET_All_Airlines@71d15f18]" name="verifyStatusLine" duration-ms="3" started-at="2022-05-22T16:32:39 IST" finished-at="2022-05-22T16:32:39 IST">
          <reporter-output>
          </reporter-output>
        </test-method> <!-- verifyStatusLine -->
        <test-method status="PASS" signature="tearDown()[pri:0, instance:com.airline.testCases.GET_All_Airlines@71d15f18]" name="tearDown" is-config="true" duration-ms="1" started-at="2022-05-22T16:32:39 IST" finished-at="2022-05-22T16:32:39 IST">
          <reporter-output>
          </reporter-output>
        </test-method> <!-- tearDown -->
      </class> <!-- com.airline.testCases.GET_All_Airlines -->
    </test> <!-- RestAssuredFframework_Airline_API's -->
  </suite> <!-- RestAssuredFframework_Airline_API's Test Suite -->
</testng-results>
