<?xml version="1.0" encoding="UTF-8"?>
<!-- Generated by org.testng.reporters.JUnitReportReporter -->
<testsuite skipped="0" hostname="LAPTOP-6TA1GC3K" name="com.airline.testCases.PUT_Update_Passenger_Record" tests="5" failures="0" timestamp="2022-05-22T16:47:11 IST" time="0.005" errors="0">
  <testcase name="verifystatusLine" time="0.001" classname="com.airline.testCases.PUT_Update_Passenger_Record"/>
  <system-out/>
  <testcase name="verifyStatusCode" time="0.002" classname="com.airline.testCases.PUT_Update_Passenger_Record"/>
  <system-out/>
  <testcase name="verifyContentType" time="0.001" classname="com.airline.testCases.PUT_Update_Passenger_Record"/>
  <system-out/>
  <testcase name="verifyserverType" time="0.000" classname="com.airline.testCases.PUT_Update_Passenger_Record"/>
  <system-out/>
  <testcase name="verifyResposeBody" time="0.001" classname="com.airline.testCases.PUT_Update_Passenger_Record"/>
  <system-out/>
</testsuite> <!-- com.airline.testCases.PUT_Update_Passenger_Record -->
